# JRE version: 7.0_15-b03
# Java VM: Java HotSpot(TM) 64-Bit Server VM (23.7-b01 mixed mode windows-amd64 compressed oops)
Heap
 PSYoungGen      total 270912K, used 270904K [0x00000000eb000000, 0x0000000100000000, 0x0000000100000000)
  eden space 228352K, 100% used [0x00000000eb000000,0x00000000f8f00000,0x00000000f8f00000)
  from space 42560K, 99% used [0x00000000f8f00000,0x00000000fb88e0c8,0x00000000fb890000)
  to   space 62656K, 70% used [0x00000000fc2d0000,0x00000000fedfe0c8,0x0000000100000000)
 ParOldGen       total 246144K, used 90263K [0x00000000c1000000, 0x00000000d0060000, 0x00000000eb000000)
  object space 246144K, 36% used [0x00000000c1000000,0x00000000c6825c38,0x00000000d0060000)
 PSPermGen       total 21248K, used 4886K [0x00000000bbe00000, 0x00000000bd2c0000, 0x00000000c1000000)
  object space 21248K, 22% used [0x00000000bbe00000,0x00000000bc2c5ab0,0x00000000bd2c0000)
GC Heap History (10 events):
Event: 4334.020 GC heap after
Heap after GC invocations=89 (full 6):
 PSYoungGen      total 282688K, used 128K [0x00000000eb000000, 0x0000000100000000, 0x0000000100000000)
  eden space 221312K, 0% used [0x00000000eb000000,0x00000000eb000000,0x00000000f8820000)
  from space 61376K, 0% used [0x00000000f8820000,0x00000000f8840000,0x00000000fc410000)
  to   space 60416K, 0% used [0x00000000fc500000,0x00000000fc500000,0x0000000100000000)
 ParOldGen       total 246144K, used 90263K [0x00000000c1000000, 0x00000000d0060000, 0x00000000eb000000)
  object space 246144K, 36% used [0x00000000c1000000,0x00000000c6825c38,0x00000000d0060000)
 PSPermGen       total 21248K, used 4884K [0x00000000bbe00000, 0x00000000bd2c0000, 0x00000000c1000000)
  object space 21248K, 22% used [0x00000000bbe00000,0x00000000bc2c5330,0x00000000bd2c0000)
}
Event: 4334.714 GC heap before
{Heap before GC invocations=90 (full 6):
 PSYoungGen      total 282688K, used 221440K [0x00000000eb000000, 0x0000000100000000, 0x0000000100000000)
  eden space 221312K, 100% used [0x00000000eb000000,0x00000000f8820000,0x00000000f8820000)
  from space 61376K, 0% used [0x00000000f8820000,0x00000000f8840000,0x00000000fc410000)
  to   space 60416K, 0% used [0x00000000fc500000,0x00000000fc500000,0x0000000100000000)
 ParOldGen       total 246144K, used 90263K [0x00000000c1000000, 0x00000000d0060000, 0x00000000eb000000)
  object space 246144K, 36% used [0x00000000c1000000,0x00000000c6825c38,0x00000000d0060000)
 PSPermGen       total 21248K, used 4884K [0x00000000bbe00000, 0x00000000bd2c0000, 0x00000000c1000000)
  object space 21248K, 22% used [0x00000000bbe00000,0x00000000bc2c5330,0x00000000bd2c0000)
Event: 4334.801 GC heap after
Heap after GC invocations=90 (full 6):
 PSYoungGen      total 275072K, used 11552K [0x00000000eb000000, 0x00000000ff890000, 0x0000000100000000)
  eden space 222272K, 0% used [0x00000000eb000000,0x00000000eb000000,0x00000000f8910000)
  from space 52800K, 21% used [0x00000000fc500000,0x00000000fd048368,0x00000000ff890000)
  to   space 57088K, 0% used [0x00000000f8910000,0x00000000f8910000,0x00000000fc0d0000)
 ParOldGen       total 246144K, used 90263K [0x00000000c1000000, 0x00000000d0060000, 0x00000000eb000000)
  object space 246144K, 36% used [0x00000000c1000000,0x00000000c6825c38,0x00000000d0060000)
 PSPermGen       total 21248K, used 4884K [0x00000000bbe00000, 0x00000000bd2c0000, 0x00000000c1000000)
  object space 21248K, 22% used [0x00000000bbe00000,0x00000000bc2c5330,0x00000000bd2c0000)
}
Event: 4335.636 GC heap before
{Heap before GC invocations=91 (full 6):
 PSYoungGen      total 275072K, used 233824K [0x00000000eb000000, 0x00000000ff890000, 0x0000000100000000)
  eden space 222272K, 100% used [0x00000000eb000000,0x00000000f8910000,0x00000000f8910000)
  from space 52800K, 21% used [0x00000000fc500000,0x00000000fd048368,0x00000000ff890000)
  to   space 57088K, 0% used [0x00000000f8910000,0x00000000f8910000,0x00000000fc0d0000)
 ParOldGen       total 246144K, used 90263K [0x00000000c1000000, 0x00000000d0060000, 0x00000000eb000000)
  object space 246144K, 36% used [0x00000000c1000000,0x00000000c6825c38,0x00000000d0060000)
 PSPermGen       total 21248K, used 4884K [0x00000000bbe00000, 0x00000000bd2c0000, 0x00000000c1000000)
  object space 21248K, 22% used [0x00000000bbe00000,0x00000000bc2c5330,0x00000000bd2c0000)
Event: 4335.822 GC heap after
Heap after GC invocations=91 (full 6):
 PSYoungGen      total 279360K, used 24060K [0x00000000eb000000, 0x0000000100000000, 0x0000000100000000)
  eden space 222272K, 0% used [0x00000000eb000000,0x00000000eb000000,0x00000000f8910000)
  from space 57088K, 42% used [0x00000000f8910000,0x00000000fa08f050,0x00000000fc0d0000)
  to   space 55744K, 0% used [0x00000000fc990000,0x00000000fc990000,0x0000000100000000)
 ParOldGen       total 246144K, used 90263K [0x00000000c1000000, 0x00000000d0060000, 0x00000000eb000000)
  object space 246144K, 36% used [0x00000000c1000000,0x00000000c6825c38,0x00000000d0060000)
 PSPermGen       total 21248K, used 4884K [0x00000000bbe00000, 0x00000000bd2c0000, 0x00000000c1000000)
  object space 21248K, 22% used [0x00000000bbe00000,0x00000000bc2c5330,0x00000000bd2c0000)
}
Event: 4336.309 GC heap before
{Heap before GC invocations=92 (full 6):
 PSYoungGen      total 279360K, used 246332K [0x00000000eb000000, 0x0000000100000000, 0x0000000100000000)
  eden space 222272K, 100% used [0x00000000eb000000,0x00000000f8910000,0x00000000f8910000)
  from space 57088K, 42% used [0x00000000f8910000,0x00000000fa08f050,0x00000000fc0d0000)
  to   space 55744K, 0% used [0x00000000fc990000,0x00000000fc990000,0x0000000100000000)
 ParOldGen       total 246144K, used 90263K [0x00000000c1000000, 0x00000000d0060000, 0x00000000eb000000)
  object space 246144K, 36% used [0x00000000c1000000,0x00000000c6825c38,0x00000000d0060000)
 PSPermGen       total 21248K, used 4884K [0x00000000bbe00000, 0x00000000bd2c0000, 0x00000000c1000000)
  object space 21248K, 22% used [0x00000000bbe00000,0x00000000bc2c5330,0x00000000bd2c0000)
Event: 4336.399 GC heap after
Heap after GC invocations=92 (full 6):
 PSYoungGen      total 284096K, used 33497K [0x00000000eb000000, 0x0000000100000000, 0x0000000100000000)
  eden space 228352K, 0% used [0x00000000eb000000,0x00000000eb000000,0x00000000f8f00000)
  from space 55744K, 60% used [0x00000000fc990000,0x00000000fea46698,0x0000000100000000)
  to   space 57856K, 0% used [0x00000000f8f00000,0x00000000f8f00000,0x00000000fc780000)
 ParOldGen       total 246144K, used 90263K [0x00000000c1000000, 0x00000000d0060000, 0x00000000eb000000)
  object space 246144K, 36% used [0x00000000c1000000,0x00000000c6825c38,0x00000000d0060000)
 PSPermGen       total 21248K, used 4884K [0x00000000bbe00000, 0x00000000bd2c0000, 0x00000000c1000000)
  object space 21248K, 22% used [0x00000000bbe00000,0x00000000bc2c5330,0x00000000bd2c0000)
}
Event: 4337.349 GC heap before
{Heap before GC invocations=93 (full 6):
 PSYoungGen      total 284096K, used 261849K [0x00000000eb000000, 0x0000000100000000, 0x0000000100000000)
  eden space 228352K, 100% used [0x00000000eb000000,0x00000000f8f00000,0x00000000f8f00000)
  from space 55744K, 60% used [0x00000000fc990000,0x00000000fea46698,0x0000000100000000)
  to   space 57856K, 0% used [0x00000000f8f00000,0x00000000f8f00000,0x00000000fc780000)
 ParOldGen       total 246144K, used 90263K [0x00000000c1000000, 0x00000000d0060000, 0x00000000eb000000)
  object space 246144K, 36% used [0x00000000c1000000,0x00000000c6825c38,0x00000000d0060000)
 PSPermGen       total 21248K, used 4886K [0x00000000bbe00000, 0x00000000bd2c0000, 0x00000000c1000000)
  object space 21248K, 22% used [0x00000000bbe00000,0x00000000bc2c5ab0,0x00000000bd2c0000)
Event: 4337.463 GC heap after
Heap after GC invocations=93 (full 6):
 PSYoungGen      total 270912K, used 42552K [0x00000000eb000000, 0x0000000100000000, 0x0000000100000000)
  eden space 228352K, 0% used [0x00000000eb000000,0x00000000eb000000,0x00000000f8f00000)
  from space 42560K, 99% used [0x00000000f8f00000,0x00000000fb88e0c8,0x00000000fb890000)
  to   space 62656K, 0% used [0x00000000fc2d0000,0x00000000fc2d0000,0x0000000100000000)
 ParOldGen       total 246144K, used 90263K [0x00000000c1000000, 0x00000000d0060000, 0x00000000eb000000)
  object space 246144K, 36% used [0x00000000c1000000,0x00000000c6825c38,0x00000000d0060000)
 PSPermGen       total 21248K, used 4886K [0x00000000bbe00000, 0x00000000bd2c0000, 0x00000000c1000000)
  object space 21248K, 22% used [0x00000000bbe00000,0x00000000bc2c5ab0,0x00000000bd2c0000)
}
Event: 4337.892 GC heap before
{Heap before GC invocations=94 (full 6):
 PSYoungGen      total 270912K, used 270904K [0x00000000eb000000, 0x0000000100000000, 0x0000000100000000)
  eden space 228352K, 100% used [0x00000000eb000000,0x00000000f8f00000,0x00000000f8f00000)
  from space 42560K, 99% used [0x00000000f8f00000,0x00000000fb88e0c8,0x00000000fb890000)
  to   space 62656K, 0% used [0x00000000fc2d0000,0x00000000fc2d0000,0x0000000100000000)
 ParOldGen       total 246144K, used 90263K [0x00000000c1000000, 0x00000000d0060000, 0x00000000eb000000)
  object space 246144K, 36% used [0x00000000c1000000,0x00000000c6825c38,0x00000000d0060000)
 PSPermGen       total 21248K, used 4886K [0x00000000bbe00000, 0x00000000bd2c0000, 0x00000000c1000000)
  object space 21248K, 22% used [0x00000000bbe00000,0x00000000bc2c5ab0,0x00000000bd2c0000)

